<?xml version="1.0" encoding="UTF-8"?>
<testng-results total="1" passed="1" failed="0" skipped="0">
  <reporter-output>
  </reporter-output>
  <suite started-at="2020-09-16T13:22:32Z" name="Default suite" finished-at="2020-09-16T13:22:56Z" duration-ms="24430">
    <groups>
    </groups>
    <test started-at="2020-09-16T13:22:32Z" name="Default test" finished-at="2020-09-16T13:22:56Z" duration-ms="24430">
      <class name="com.vts.qa.testcases.viewQuotesTest2">
        <test-method is-config="true" signature="setUp()[pri:0, instance:com.vts.qa.testcases.viewQuotesTest2@60d8c9b7]" started-at="2020-09-16T18:52:32Z" name="setUp" finished-at="2020-09-16T18:52:36Z" duration-ms="4166" status="PASS">
          <reporter-output>
          </reporter-output>
        </test-method> <!-- setUp -->
        <test-method signature="viewQuoteTest()[pri:0, instance:com.vts.qa.testcases.viewQuotesTest2@60d8c9b7]" started-at="2020-09-16T18:52:36Z" name="viewQuoteTest" finished-at="2020-09-16T18:52:56Z" duration-ms="20250" status="PASS">
          <reporter-output>
          </reporter-output>
        </test-method> <!-- viewQuoteTest -->
        <test-method is-config="true" signature="Quit_Browser_Test()[pri:0, instance:com.vts.qa.testcases.viewQuotesTest2@60d8c9b7]" started-at="2020-09-16T18:52:56Z" name="Quit_Browser_Test" finished-at="2020-09-16T18:52:56Z" duration-ms="2" status="PASS">
          <reporter-output>
          </reporter-output>
        </test-method> <!-- Quit_Browser_Test -->
      </class> <!-- com.vts.qa.testcases.viewQuotesTest2 -->
    </test> <!-- Default test -->
  </suite> <!-- Default suite -->
</testng-results>
