<?xml version="1.0" encoding="UTF-8"?>
<testng-results total="1" passed="1" failed="0" skipped="0">
  <reporter-output>
  </reporter-output>
  <suite started-at="2020-06-07T15:24:47Z" name="VTS AUTOMATION TEST SUITE" finished-at="2020-06-07T15:26:23Z" duration-ms="96213">
    <groups>
    </groups>
    <test started-at="2020-06-07T15:24:47Z" name="HomePageTest" finished-at="2020-06-07T15:26:23Z" duration-ms="96213">
      <class name="com.vts.qa.testcases.homePageTest">
        <test-method is-config="true" signature="setUp()[pri:0, instance:com.vts.qa.testcases.homePageTest@47eaca72]" started-at="2020-06-07T20:54:47Z" name="setUp" finished-at="2020-06-07T20:54:52Z" duration-ms="4604" status="PASS">
          <reporter-output>
          </reporter-output>
        </test-method> <!-- setUp -->
        <test-method signature="HomePageTest()[pri:0, instance:com.vts.qa.testcases.homePageTest@47eaca72]" started-at="2020-06-07T20:54:52Z" name="HomePageTest" finished-at="2020-06-07T20:56:23Z" duration-ms="91593" status="PASS">
          <reporter-output>
          </reporter-output>
        </test-method> <!-- HomePageTest -->
        <test-method is-config="true" signature="Quit_Browser_Test()[pri:0, instance:com.vts.qa.testcases.homePageTest@47eaca72]" started-at="2020-06-07T20:56:23Z" name="Quit_Browser_Test" finished-at="2020-06-07T20:56:23Z" duration-ms="2" status="PASS">
          <reporter-output>
          </reporter-output>
        </test-method> <!-- Quit_Browser_Test -->
      </class> <!-- com.vts.qa.testcases.homePageTest -->
    </test> <!-- HomePageTest -->
  </suite> <!-- VTS AUTOMATION TEST SUITE -->
</testng-results>
